<?xml version="1.0" encoding="UTF-8"?>
<!-- Generated by org.testng.reporters.JUnitReportReporter -->
<testsuite hostname="DESKTOP-8TB63JM" failures="0" tests="1" name="com.Test_Cases.RegisterTest" time="5.588" errors="0" timestamp="23 Aug 2024 20:36:55 GMT" skipped="0">
  <testcase classname="com.Test_Cases.RegisterTest" name="verifyRegisterWithAllDetails" time="5.588"/>
</testsuite> <!-- com.Test_Cases.RegisterTest -->
